Arguments: 
  C:\Program Files\nodejs\node.exe C:\Program Files (x86)\Yarn\bin\yarn.js add @mui/material @emotion/react @emotion/styled

PATH: 
  C:\Python27\;C:\Python27\Scripts;C:\Windows\system32;C:\Windows;C:\Windows\System32\Wbem;C:\Windows\System32\WindowsPowerShell\v1.0\;C:\Windows\System32\OpenSSH\;C:\Program Files (x86)\NVIDIA Corporation\PhysX\Common;C:\Program Files\NVIDIA Corporation\NVIDIA NvDLISR;C:\WINDOWS\system32;C:\WINDOWS;C:\WINDOWS\System32\Wbem;C:\WINDOWS\System32\WindowsPowerShell\v1.0\;C:\WINDOWS\System32\OpenSSH\;C:\Program Files\Java\jdk-17.0.5\bin;C:\Program Files\Java\scripts;C:\Program Files\Git\cmd;C:\Gradle\gradle-7.5.1\bin;C:\Program Files\apache-maven-3.8.6\bin;C:\Program Files\PuTTY\;C:\Program Files (x86)\Yarn\bin\;C:\Users\Lucas\AppData\Roaming\nvm;C:\Program Files\nodejs;C:\Program Files\Docker\Docker\resources\bin;C:\Program Files\Kubernetes\Minikube;C:\WINDOWS\system32\config\systemprofile\.docker\config.json;C:\Program Files\Amazon\AWSCLIV2\;C:\Program Files\GitHub CLI\;C:\Program Files\GitHub CLI\gh.exe;C:\Python27\Scripts;C:\Python27;C:\Users\Lucas\AppData\Local\Microsoft\WindowsApps;C:\Users\Lucas\AppData\Local\Google\Cloud SDK\google-cloud-sdk\bin;C:\Users\Lucas\AppData\Local\Programs\Microsoft VS Code\bin;C:\Users\Lucas\AppData\Local\Yarn\bin;C:\Users\Lucas\AppData\Roaming\nvm;C:\Program Files\nodejs;C:\Users\Lucas\AppData\Local\SourceTree;C:\Users\Lucas\AppData\Local\Microsoft\WinGet\Packages\Kubernetes.kubectl_Microsoft.Winget.Source_8wekyb3d8bbwe;C:\Program Files\GitHub CLI\gh.exe;;C:\Program Files\JetBrains\IntelliJ IDEA 2023.1.2\bin;

Yarn version: 
  1.22.19

Node version: 
  18.5.0

Platform: 
  win32 x64

Trace: 
  Error: EPERM: operation not permitted, unlink 'C:\Users\Lucas\Documents\pessoal\jm-frontend\node_modules\@next\swc-win32-x64-msvc\next-swc.win32-x64-msvc.node'

npm manifest: 
  {
    "name": "jm-frontend",
    "version": "0.1.0",
    "private": true,
    "scripts": {
      "dev": "next dev",
      "build": "next build",
      "start": "next start",
      "lint": "next lint"
    },
    "dependencies": {
      "@types/node": "20.2.5",
      "@types/react": "18.2.8",
      "@types/react-dom": "18.2.4",
      "axios": "^0.24.0",
      "eslint": "8.42.0",
      "eslint-config-next": "13.4.4",
      "next": "13.4.4",
      "react": "18.2.0",
      "react-dom": "18.2.0",
      "typescript": "5.1.3"
    }
  }

yarn manifest: 
  No manifest

Lockfile: 
  No lockfile
